<?xml version="1.0" encoding="UTF-8"?>
<testsuite name="letsgo.letsgospring.LetsgoSpringApplicationTests" tests="1" skipped="0" failures="0" errors="0" timestamp="2021-05-14T05:18:41" hostname="DESKTOP-UT3UMNN" time="0.302">
  <properties/>
  <testcase name="contextLoads()" classname="letsgo.letsgospring.LetsgoSpringApplicationTests" time="0.302"/>
  <system-out><![CDATA[14:18:39.013 [Test worker] DEBUG org.springframework.test.context.BootstrapUtils - Instantiating CacheAwareContextLoaderDelegate from class [org.springframework.test.context.cache.DefaultCacheAwareContextLoaderDelegate]
14:18:39.026 [Test worker] DEBUG org.springframework.test.context.BootstrapUtils - Instantiating BootstrapContext using constructor [public org.springframework.test.context.support.DefaultBootstrapContext(java.lang.Class,org.springframework.test.context.CacheAwareContextLoaderDelegate)]
14:18:39.066 [Test worker] DEBUG org.springframework.test.context.BootstrapUtils - Instantiating TestContextBootstrapper for test class [letsgo.letsgospring.LetsgoSpringApplicationTests] from class [org.springframework.boot.test.context.SpringBootTestContextBootstrapper]
14:18:39.084 [Test worker] INFO org.springframework.boot.test.context.SpringBootTestContextBootstrapper - Neither @ContextConfiguration nor @ContextHierarchy found for test class [letsgo.letsgospring.LetsgoSpringApplicationTests], using SpringBootContextLoader
14:18:39.089 [Test worker] DEBUG org.springframework.test.context.support.AbstractContextLoader - Did not detect default resource location for test class [letsgo.letsgospring.LetsgoSpringApplicationTests]: class path resource [letsgo/letsgospring/LetsgoSpringApplicationTests-context.xml] does not exist
14:18:39.089 [Test worker] DEBUG org.springframework.test.context.support.AbstractContextLoader - Did not detect default resource location for test class [letsgo.letsgospring.LetsgoSpringApplicationTests]: class path resource [letsgo/letsgospring/LetsgoSpringApplicationTestsContext.groovy] does not exist
14:18:39.089 [Test worker] INFO org.springframework.test.context.support.AbstractContextLoader - Could not detect default resource locations for test class [letsgo.letsgospring.LetsgoSpringApplicationTests]: no resource found for suffixes {-context.xml, Context.groovy}.
14:18:39.090 [Test worker] INFO org.springframework.test.context.support.AnnotationConfigContextLoaderUtils - Could not detect default configuration classes for test class [letsgo.letsgospring.LetsgoSpringApplicationTests]: LetsgoSpringApplicationTests does not declare any static, non-private, non-final, nested classes annotated with @Configuration.
14:18:39.133 [Test worker] DEBUG org.springframework.test.context.support.ActiveProfilesUtils - Could not find an 'annotation declaring class' for annotation type [org.springframework.test.context.ActiveProfiles] and class [letsgo.letsgospring.LetsgoSpringApplicationTests]
14:18:39.204 [Test worker] DEBUG org.springframework.context.annotation.ClassPathScanningCandidateComponentProvider - Identified candidate component class: file [C:\Users\82109\Desktop\home\letsgo-spring\letsgo-spring\build\classes\java\main\letsgo\letsgospring\LetsgoSpringApplication.class]
14:18:39.205 [Test worker] INFO org.springframework.boot.test.context.SpringBootTestContextBootstrapper - Found @SpringBootConfiguration letsgo.letsgospring.LetsgoSpringApplication for test class letsgo.letsgospring.LetsgoSpringApplicationTests
14:18:39.313 [Test worker] DEBUG org.springframework.boot.test.context.SpringBootTestContextBootstrapper - @TestExecutionListeners is not present for class [letsgo.letsgospring.LetsgoSpringApplicationTests]: using defaults.
14:18:39.314 [Test worker] INFO org.springframework.boot.test.context.SpringBootTestContextBootstrapper - Loaded default TestExecutionListener class names from location [META-INF/spring.factories]: [org.springframework.boot.test.autoconfigure.restdocs.RestDocsTestExecutionListener, org.springframework.boot.test.autoconfigure.web.client.MockRestServiceServerResetTestExecutionListener, org.springframework.boot.test.autoconfigure.web.servlet.MockMvcPrintOnlyOnFailureTestExecutionListener, org.springframework.boot.test.autoconfigure.web.servlet.WebDriverTestExecutionListener, org.springframework.boot.test.autoconfigure.webservices.client.MockWebServiceServerTestExecutionListener, org.springframework.boot.test.mock.mockito.MockitoTestExecutionListener, org.springframework.boot.test.mock.mockito.ResetMocksTestExecutionListener, org.springframework.test.context.web.ServletTestExecutionListener, org.springframework.test.context.support.DirtiesContextBeforeModesTestExecutionListener, org.springframework.test.context.event.ApplicationEventsTestExecutionListener, org.springframework.test.context.support.DependencyInjectionTestExecutionListener, org.springframework.test.context.support.DirtiesContextTestExecutionListener, org.springframework.test.context.transaction.TransactionalTestExecutionListener, org.springframework.test.context.jdbc.SqlScriptsTestExecutionListener, org.springframework.test.context.event.EventPublishingTestExecutionListener]
14:18:39.328 [Test worker] DEBUG org.springframework.boot.test.context.SpringBootTestContextBootstrapper - Skipping candidate TestExecutionListener [org.springframework.test.context.transaction.TransactionalTestExecutionListener] due to a missing dependency. Specify custom listener classes or make the default listener classes and their required dependencies available. Offending class: [org/springframework/transaction/interceptor/TransactionAttributeSource]
14:18:39.329 [Test worker] DEBUG org.springframework.boot.test.context.SpringBootTestContextBootstrapper - Skipping candidate TestExecutionListener [org.springframework.test.context.jdbc.SqlScriptsTestExecutionListener] due to a missing dependency. Specify custom listener classes or make the default listener classes and their required dependencies available. Offending class: [org/springframework/transaction/interceptor/TransactionAttribute]
14:18:39.329 [Test worker] INFO org.springframework.boot.test.context.SpringBootTestContextBootstrapper - Using TestExecutionListeners: [org.springframework.test.context.web.ServletTestExecutionListener@693a8bbd, org.springframework.test.context.support.DirtiesContextBeforeModesTestExecutionListener@aefd7af, org.springframework.test.context.event.ApplicationEventsTestExecutionListener@5a6e1fd7, org.springframework.boot.test.mock.mockito.MockitoTestExecutionListener@2c754100, org.springframework.boot.test.autoconfigure.SpringBootDependencyInjectionTestExecutionListener@11af4050, org.springframework.test.context.support.DirtiesContextTestExecutionListener@6589af65, org.springframework.test.context.event.EventPublishingTestExecutionListener@4f3384a4, org.springframework.boot.test.autoconfigure.restdocs.RestDocsTestExecutionListener@49c8a103, org.springframework.boot.test.autoconfigure.web.client.MockRestServiceServerResetTestExecutionListener@228ec5aa, org.springframework.boot.test.autoconfigure.web.servlet.MockMvcPrintOnlyOnFailureTestExecutionListener@ad4a419, org.springframework.boot.test.autoconfigure.web.servlet.WebDriverTestExecutionListener@59911743, org.springframework.boot.test.autoconfigure.webservices.client.MockWebServiceServerTestExecutionListener@555d65cb, org.springframework.boot.test.mock.mockito.ResetMocksTestExecutionListener@12a595f]
14:18:39.333 [Test worker] DEBUG org.springframework.test.context.support.AbstractDirtiesContextTestExecutionListener - Before test class: context [DefaultTestContext@40076a7e testClass = LetsgoSpringApplicationTests, testInstance = [null], testMethod = [null], testException = [null], mergedContextConfiguration = [WebMergedContextConfiguration@328a4f25 testClass = LetsgoSpringApplicationTests, locations = '{}', classes = '{class letsgo.letsgospring.LetsgoSpringApplication}', contextInitializerClasses = '[]', activeProfiles = '{}', propertySourceLocations = '{}', propertySourceProperties = '{org.springframework.boot.test.context.SpringBootTestContextBootstrapper=true}', contextCustomizers = set[org.springframework.boot.test.autoconfigure.actuate.metrics.MetricsExportContextCustomizerFactory$DisableMetricExportContextCustomizer@115594bc, org.springframework.boot.test.autoconfigure.properties.PropertyMappingContextCustomizer@0, org.springframework.boot.test.autoconfigure.web.servlet.WebDriverContextCustomizerFactory$Customizer@64a8ddf, org.springframework.boot.test.context.filter.ExcludeFilterContextCustomizer@316203b3, org.springframework.boot.test.json.DuplicateJsonObjectContextCustomizerFactory$DuplicateJsonObjectContextCustomizer@76908b7a, org.springframework.boot.test.mock.mockito.MockitoContextCustomizer@0, org.springframework.boot.test.web.client.TestRestTemplateContextCustomizer@326227de, org.springframework.boot.test.context.SpringBootTestArgs@1, org.springframework.boot.test.context.SpringBootTestWebEnvironment@e54e800], resourceBasePath = 'src/main/webapp', contextLoader = 'org.springframework.boot.test.context.SpringBootContextLoader', parent = [null]], attributes = map['org.springframework.test.context.web.ServletTestExecutionListener.activateListener' -> true]], class annotated with @DirtiesContext [false] with mode [null].
14:18:39.374 [Test worker] DEBUG org.springframework.test.context.support.TestPropertySourceUtils - Adding inlined properties to environment: {spring.jmx.enabled=false, org.springframework.boot.test.context.SpringBootTestContextBootstrapper=true}

  .   ____          _            __ _ _
 /\\ / ___'_ __ _ _(_)_ __  __ _ \ \ \ \
( ( )\___ | '_ | '_| | '_ \/ _` | \ \ \ \
 \\/  ___)| |_)| | | | | || (_| |  ) ) ) )
  '  |____| .__|_| |_|_| |_\__, | / / / /
 =========|_|==============|___/=/_/_/_/
 :: Spring Boot ::                (v2.4.5)

2021-05-14 14:18:39.640  INFO 15464 --- [    Test worker] l.l.LetsgoSpringApplicationTests         : Starting LetsgoSpringApplicationTests using Java 11.0.11 on DESKTOP-UT3UMNN with PID 15464 (started by 82109 in C:\Users\82109\Desktop\home\letsgo-spring\letsgo-spring)
2021-05-14 14:18:39.643  INFO 15464 --- [    Test worker] l.l.LetsgoSpringApplicationTests         : No active profile set, falling back to default profiles: default
2021-05-14 14:18:40.930  INFO 15464 --- [    Test worker] o.s.s.concurrent.ThreadPoolTaskExecutor  : Initializing ExecutorService 'applicationTaskExecutor'
2021-05-14 14:18:41.040  INFO 15464 --- [    Test worker] o.s.b.a.w.s.WelcomePageHandlerMapping    : Adding welcome page: class path resource [static/index.html]
2021-05-14 14:18:41.255  INFO 15464 --- [    Test worker] l.l.LetsgoSpringApplicationTests         : Started LetsgoSpringApplicationTests in 1.874 seconds (JVM running for 3.352)
]]></system-out>
  <system-err><![CDATA[]]></system-err>
</testsuite>
